2019-02-21 16:39:36.688  INFO 14916 --- [main] n.a.m.MarvelServerApplication            : Starting MarvelServerApplication on LAPTOP-BLB0FEU4 with PID 14916 (D:\github\blueorange\marvel-server\target\classes started by Artem in D:\github\blueorange\marvel-server)
2019-02-21 16:39:36.691 DEBUG 14916 --- [main] n.a.m.MarvelServerApplication            : Running with Spring Boot v2.1.3.RELEASE, Spring v5.1.5.RELEASE
2019-02-21 16:39:36.692  INFO 14916 --- [main] n.a.m.MarvelServerApplication            : No active profile set, falling back to default profiles: default
2019-02-21 16:39:37.380  INFO 14916 --- [main] .s.d.r.c.RepositoryConfigurationDelegate : Bootstrapping Spring Data repositories in DEFAULT mode.
2019-02-21 16:39:37.448  INFO 14916 --- [main] .s.d.r.c.RepositoryConfigurationDelegate : Finished Spring Data repository scanning in 61ms. Found 2 repository interfaces.
2019-02-21 16:39:37.840  INFO 14916 --- [main] trationDelegate$BeanPostProcessorChecker : Bean 'org.springframework.transaction.annotation.ProxyTransactionManagementConfiguration' of type [org.springframework.transaction.annotation.ProxyTransactionManagementConfiguration$$EnhancerBySpringCGLIB$$f33c78e6] is not eligible for getting processed by all BeanPostProcessors (for example: not eligible for auto-proxying)
2019-02-21 16:39:38.407  INFO 14916 --- [main] o.s.b.w.embedded.tomcat.TomcatWebServer  : Tomcat initialized with port(s): 8080 (http)
2019-02-21 16:39:38.429  INFO 14916 --- [main] o.apache.catalina.core.StandardService   : Starting service [Tomcat]
2019-02-21 16:39:38.430  INFO 14916 --- [main] org.apache.catalina.core.StandardEngine  : Starting Servlet engine: [Apache Tomcat/9.0.16]
2019-02-21 16:39:38.439  INFO 14916 --- [main] o.a.catalina.core.AprLifecycleListener   : The APR based Apache Tomcat Native library which allows optimal performance in production environments was not found on the java.library.path: [C:\java\jdk-10.0.2\bin;C:\Windows\Sun\Java\bin;C:\Windows\system32;C:\Windows;C:\Program Files (x86)\Common Files\Oracle\Java\javapath;C:\Program Files (x86)\Intel\Intel(R) Management Engine Components\iCLS\;C:\Program Files\Intel\Intel(R) Management Engine Components\iCLS\;C:\Windows\system32;C:\Windows;C:\Windows\System32\Wbem;C:\Windows\System32\WindowsPowerShell\v1.0\;C:\Windows\System32\OpenSSH\;C:\Program Files (x86)\Intel\Intel(R) Management Engine Components\DAL;C:\Program Files\Intel\Intel(R) Management Engine Components\DAL;C:\Program Files (x86)\Intel\Intel(R) Management Engine Components\IPT;C:\Program Files\Intel\Intel(R) Management Engine Components\IPT;C:\Program Files\Intel\WiFi\bin\;C:\Program Files\Common Files\Intel\WirelessCommon\;C:\Program Files\Git\cmd;c:\java\jdk-10.0.2\bin;C:\Program Files\dotnet\;C:\Program Files\Microsoft SQL Server\130\Tools\Binn\;C:\Program Files\nodejs\;C:\HashiCorp\Vagrant\bin;C:\Program Files\Calibre2\;C:\Program Files\Microsoft SQL Server\Client SDK\ODBC\110\Tools\Binn\;C:\Program Files (x86)\Microsoft SQL Server\120\Tools\Binn\;C:\Program Files\Microsoft SQL Server\120\Tools\Binn\;C:\Program Files\Microsoft SQL Server\120\DTS\Binn\;C:\Program Files (x86)\Microsoft SQL Server\120\Tools\Binn\ManagementStudio\;C:\Program Files (x86)\Microsoft SQL Server\120\DTS\Binn\;C:\ProgramData\chocolatey\bin;C:\Program Files\MongoDB\Server\4.0\bin;C:\Program Files\PuTTY\;C:\Program Files\Amazon\AWSCLI\bin\;C:\Users\Artem\.windows-build-tools\python27\;C:\Program Files\nodejs\node_modules\npm\node_modules\npm-lifecycle\node-gyp-bin;D:\github\kaboom\kaboom-events-service\kaboom.services.events\node_modules\windows-build-tools\node_modules\.bin;D:\github\kaboom\kaboom-events-service\kaboom.services.events\node_modules\.bin;C:\Program Files (x86)\Common Files\Oracle\Java\javapath;C:\Program Files (x86)\Intel\Intel(R) Management Engine Components\iCLS\;C:\Program Files\Intel\Intel(R) Management Engine Components\iCLS\;C:\Windows\system32;C:\Windows;C:\Windows\System32\Wbem;C:\Windows\System32\WindowsPowerShell\v1.0\;C:\Windows\System32\OpenSSH\;C:\Program Files (x86)\Intel\Intel(R) Management Engine Components\DAL;C:\Program Files\Intel\Intel(R) Management Engine Components\DAL;C:\Program Files (x86)\Intel\Intel(R) Management Engine Components\IPT;C:\Program Files\Intel\Intel(R) Management Engine Components\IPT;C:\Program Files\Intel\WiFi\bin\;C:\Program Files\Common Files\Intel\WirelessCommon\;C:\Program Files\Git\cmd;c:\java\jdk-10.0.2\bin;C:\Program Files\dotnet\;C:\Program Files\Microsoft SQL Server\130\Tools\Binn\;C:\Program Files\nodejs\;C:\HashiCorp\Vagrant\bin;C:\Program Files\Calibre2\;C:\Program Files\Microsoft SQL Server\Client SDK\ODBC\110\Tools\Binn\;C:\Program Files (x86)\Microsoft SQL Server\120\Tools\Binn\;C:\Program Files\Microsoft SQL Server\120\Tools\Binn\;C:\Program Files\Microsoft SQL Server\120\DTS\Binn\;C:\Program Files (x86)\Microsoft SQL Server\120\Tools\Binn\ManagementStudio\;C:\Program Files (x86)\Microsoft SQL Server\120\DTS\Binn\;C:\ProgramData\chocolatey\bin;C:\Program Files\MongoDB\Server\4.0\bin;C:\Users\Artem\AppData\Local\Microsoft\WindowsApps;C:\Users\Artem\AppData\Local\Programs\Microsoft VS Code\bin;C:\Users\Artem\AppData\Roaming\npm;C:\Users\Artem\AppData\Local\Programs\Fiddler;C:\Program Files\Docker Toolbox;.]
2019-02-21 16:39:38.514  INFO 14916 --- [main] o.a.c.c.C.[Tomcat].[localhost].[/]       : Initializing Spring embedded WebApplicationContext
2019-02-21 16:39:38.947  INFO 14916 --- [main] com.zaxxer.hikari.HikariDataSource       : HikariPool-1 - Starting...
2019-02-21 16:39:39.089  INFO 14916 --- [main] com.zaxxer.hikari.HikariDataSource       : HikariPool-1 - Start completed.
2019-02-21 16:39:39.138  INFO 14916 --- [main] o.hibernate.jpa.internal.util.LogHelper  : HHH000204: Processing PersistenceUnitInfo [
	name: default
	...]
2019-02-21 16:39:39.204  INFO 14916 --- [main] org.hibernate.Version                    : HHH000412: Hibernate Core {5.3.7.Final}
2019-02-21 16:39:39.206  INFO 14916 --- [main] org.hibernate.cfg.Environment            : HHH000206: hibernate.properties not found
2019-02-21 16:39:39.339  INFO 14916 --- [main] o.hibernate.annotations.common.Version   : HCANN000001: Hibernate Commons Annotations {5.0.4.Final}
2019-02-21 16:39:39.445  INFO 14916 --- [main] org.hibernate.dialect.Dialect            : HHH000400: Using dialect: org.hibernate.dialect.H2Dialect
2019-02-21 16:39:40.014  INFO 14916 --- [main] j.LocalContainerEntityManagerFactoryBean : Initialized JPA EntityManagerFactory for persistence unit 'default'
2019-02-21 16:39:40.396  INFO 14916 --- [main] o.s.s.concurrent.ThreadPoolTaskExecutor  : Initializing ExecutorService 'applicationTaskExecutor'
2019-02-21 16:39:40.437  WARN 14916 --- [main] aWebConfiguration$JpaWebMvcConfiguration : spring.jpa.open-in-view is enabled by default. Therefore, database queries may be performed during view rendering. Explicitly configure spring.jpa.open-in-view to disable this warning
2019-02-21 16:39:40.709  INFO 14916 --- [main] o.s.b.a.e.web.EndpointLinksResolver      : Exposing 16 endpoint(s) beneath base path '/actuator'
2019-02-21 16:39:40.771  INFO 14916 --- [main] o.s.b.w.embedded.tomcat.TomcatWebServer  : Tomcat started on port(s): 8080 (http) with context path ''
2019-02-21 16:39:40.773  INFO 14916 --- [main] n.a.m.MarvelServerApplication            : Started MarvelServerApplication in 4.356 seconds (JVM running for 7.189)
2019-02-21 16:43:02.064  INFO 23624 --- [main] n.a.m.MarvelServerApplication            : Starting MarvelServerApplication on LAPTOP-BLB0FEU4 with PID 23624 (D:\github\blueorange\marvel-server\target\classes started by Artem in D:\github\blueorange\marvel-server)
2019-02-21 16:43:02.067 DEBUG 23624 --- [main] n.a.m.MarvelServerApplication            : Running with Spring Boot v2.1.3.RELEASE, Spring v5.1.5.RELEASE
2019-02-21 16:43:02.067  INFO 23624 --- [main] n.a.m.MarvelServerApplication            : No active profile set, falling back to default profiles: default
2019-02-21 16:43:02.758  INFO 23624 --- [main] .s.d.r.c.RepositoryConfigurationDelegate : Bootstrapping Spring Data repositories in DEFAULT mode.
2019-02-21 16:43:02.811  INFO 23624 --- [main] .s.d.r.c.RepositoryConfigurationDelegate : Finished Spring Data repository scanning in 46ms. Found 2 repository interfaces.
2019-02-21 16:43:03.151  INFO 23624 --- [main] trationDelegate$BeanPostProcessorChecker : Bean 'org.springframework.transaction.annotation.ProxyTransactionManagementConfiguration' of type [org.springframework.transaction.annotation.ProxyTransactionManagementConfiguration$$EnhancerBySpringCGLIB$$178af3] is not eligible for getting processed by all BeanPostProcessors (for example: not eligible for auto-proxying)
2019-02-21 16:43:03.709  INFO 23624 --- [main] o.s.b.w.embedded.tomcat.TomcatWebServer  : Tomcat initialized with port(s): 8080 (http)
2019-02-21 16:43:03.732  INFO 23624 --- [main] o.apache.catalina.core.StandardService   : Starting service [Tomcat]
2019-02-21 16:43:03.732  INFO 23624 --- [main] org.apache.catalina.core.StandardEngine  : Starting Servlet engine: [Apache Tomcat/9.0.16]
2019-02-21 16:43:03.741  INFO 23624 --- [main] o.a.catalina.core.AprLifecycleListener   : The APR based Apache Tomcat Native library which allows optimal performance in production environments was not found on the java.library.path: [C:\java\jdk-10.0.2\bin;C:\Windows\Sun\Java\bin;C:\Windows\system32;C:\Windows;C:\Program Files (x86)\Common Files\Oracle\Java\javapath;C:\Program Files (x86)\Intel\Intel(R) Management Engine Components\iCLS\;C:\Program Files\Intel\Intel(R) Management Engine Components\iCLS\;C:\Windows\system32;C:\Windows;C:\Windows\System32\Wbem;C:\Windows\System32\WindowsPowerShell\v1.0\;C:\Windows\System32\OpenSSH\;C:\Program Files (x86)\Intel\Intel(R) Management Engine Components\DAL;C:\Program Files\Intel\Intel(R) Management Engine Components\DAL;C:\Program Files (x86)\Intel\Intel(R) Management Engine Components\IPT;C:\Program Files\Intel\Intel(R) Management Engine Components\IPT;C:\Program Files\Intel\WiFi\bin\;C:\Program Files\Common Files\Intel\WirelessCommon\;C:\Program Files\Git\cmd;c:\java\jdk-10.0.2\bin;C:\Program Files\dotnet\;C:\Program Files\Microsoft SQL Server\130\Tools\Binn\;C:\Program Files\nodejs\;C:\HashiCorp\Vagrant\bin;C:\Program Files\Calibre2\;C:\Program Files\Microsoft SQL Server\Client SDK\ODBC\110\Tools\Binn\;C:\Program Files (x86)\Microsoft SQL Server\120\Tools\Binn\;C:\Program Files\Microsoft SQL Server\120\Tools\Binn\;C:\Program Files\Microsoft SQL Server\120\DTS\Binn\;C:\Program Files (x86)\Microsoft SQL Server\120\Tools\Binn\ManagementStudio\;C:\Program Files (x86)\Microsoft SQL Server\120\DTS\Binn\;C:\ProgramData\chocolatey\bin;C:\Program Files\MongoDB\Server\4.0\bin;C:\Program Files\PuTTY\;C:\Program Files\Amazon\AWSCLI\bin\;C:\Users\Artem\.windows-build-tools\python27\;C:\Program Files\nodejs\node_modules\npm\node_modules\npm-lifecycle\node-gyp-bin;D:\github\kaboom\kaboom-events-service\kaboom.services.events\node_modules\windows-build-tools\node_modules\.bin;D:\github\kaboom\kaboom-events-service\kaboom.services.events\node_modules\.bin;C:\Program Files (x86)\Common Files\Oracle\Java\javapath;C:\Program Files (x86)\Intel\Intel(R) Management Engine Components\iCLS\;C:\Program Files\Intel\Intel(R) Management Engine Components\iCLS\;C:\Windows\system32;C:\Windows;C:\Windows\System32\Wbem;C:\Windows\System32\WindowsPowerShell\v1.0\;C:\Windows\System32\OpenSSH\;C:\Program Files (x86)\Intel\Intel(R) Management Engine Components\DAL;C:\Program Files\Intel\Intel(R) Management Engine Components\DAL;C:\Program Files (x86)\Intel\Intel(R) Management Engine Components\IPT;C:\Program Files\Intel\Intel(R) Management Engine Components\IPT;C:\Program Files\Intel\WiFi\bin\;C:\Program Files\Common Files\Intel\WirelessCommon\;C:\Program Files\Git\cmd;c:\java\jdk-10.0.2\bin;C:\Program Files\dotnet\;C:\Program Files\Microsoft SQL Server\130\Tools\Binn\;C:\Program Files\nodejs\;C:\HashiCorp\Vagrant\bin;C:\Program Files\Calibre2\;C:\Program Files\Microsoft SQL Server\Client SDK\ODBC\110\Tools\Binn\;C:\Program Files (x86)\Microsoft SQL Server\120\Tools\Binn\;C:\Program Files\Microsoft SQL Server\120\Tools\Binn\;C:\Program Files\Microsoft SQL Server\120\DTS\Binn\;C:\Program Files (x86)\Microsoft SQL Server\120\Tools\Binn\ManagementStudio\;C:\Program Files (x86)\Microsoft SQL Server\120\DTS\Binn\;C:\ProgramData\chocolatey\bin;C:\Program Files\MongoDB\Server\4.0\bin;C:\Users\Artem\AppData\Local\Microsoft\WindowsApps;C:\Users\Artem\AppData\Local\Programs\Microsoft VS Code\bin;C:\Users\Artem\AppData\Roaming\npm;C:\Users\Artem\AppData\Local\Programs\Fiddler;C:\Program Files\Docker Toolbox;.]
2019-02-21 16:43:03.812  INFO 23624 --- [main] o.a.c.c.C.[Tomcat].[localhost].[/]       : Initializing Spring embedded WebApplicationContext
2019-02-21 16:43:04.226  INFO 23624 --- [main] com.zaxxer.hikari.HikariDataSource       : HikariPool-1 - Starting...
2019-02-21 16:43:04.387  INFO 23624 --- [main] com.zaxxer.hikari.HikariDataSource       : HikariPool-1 - Start completed.
2019-02-21 16:43:04.439  INFO 23624 --- [main] o.hibernate.jpa.internal.util.LogHelper  : HHH000204: Processing PersistenceUnitInfo [
	name: default
	...]
2019-02-21 16:43:04.500  INFO 23624 --- [main] org.hibernate.Version                    : HHH000412: Hibernate Core {5.3.7.Final}
2019-02-21 16:43:04.501  INFO 23624 --- [main] org.hibernate.cfg.Environment            : HHH000206: hibernate.properties not found
2019-02-21 16:43:04.662  INFO 23624 --- [main] o.hibernate.annotations.common.Version   : HCANN000001: Hibernate Commons Annotations {5.0.4.Final}
2019-02-21 16:43:04.803  INFO 23624 --- [main] org.hibernate.dialect.Dialect            : HHH000400: Using dialect: org.hibernate.dialect.H2Dialect
2019-02-21 16:43:05.370  INFO 23624 --- [main] j.LocalContainerEntityManagerFactoryBean : Initialized JPA EntityManagerFactory for persistence unit 'default'
2019-02-21 16:43:05.754  INFO 23624 --- [main] o.s.s.concurrent.ThreadPoolTaskExecutor  : Initializing ExecutorService 'applicationTaskExecutor'
2019-02-21 16:43:05.797  WARN 23624 --- [main] aWebConfiguration$JpaWebMvcConfiguration : spring.jpa.open-in-view is enabled by default. Therefore, database queries may be performed during view rendering. Explicitly configure spring.jpa.open-in-view to disable this warning
2019-02-21 16:43:06.135  INFO 23624 --- [main] o.s.b.a.e.web.EndpointLinksResolver      : Exposing 16 endpoint(s) beneath base path '/actuator'
2019-02-21 16:43:06.204  INFO 23624 --- [main] o.s.b.w.embedded.tomcat.TomcatWebServer  : Tomcat started on port(s): 8080 (http) with context path ''
2019-02-21 16:43:06.206  INFO 23624 --- [main] n.a.m.MarvelServerApplication            : Started MarvelServerApplication in 4.384 seconds (JVM running for 8.203)
2019-02-21 16:43:06.251 DEBUG 23624 --- [main] n.a.marvelserver.MarvelServiceImpl       : Requesting creators modified since 2007-01-02 06:00:00.0, at offset 0
2019-02-21 16:43:08.001 DEBUG 23624 --- [main] n.a.marvelserver.MarvelServiceImpl       : Requesting creators modified since 2007-01-02 06:00:00.0, at offset 0
2019-02-21 16:43:09.463 DEBUG 23624 --- [main] n.a.marvelserver.MarvelServiceImpl       : Requesting creators modified since 2007-01-02 06:00:00.0, at offset 0
2019-02-21 16:43:11.117 DEBUG 23624 --- [main] n.a.marvelserver.MarvelServiceImpl       : Requesting creators modified since 2007-01-02 06:00:00.0, at offset 100
2019-02-21 16:43:12.685 DEBUG 23624 --- [main] n.a.marvelserver.MarvelServiceImpl       : Requesting creators modified since 2007-01-02 06:00:00.0, at offset 100
2019-02-21 16:43:14.074 DEBUG 23624 --- [main] n.a.marvelserver.MarvelServiceImpl       : Requesting creators modified since 2007-01-02 06:00:00.0, at offset 100
2019-02-21 16:43:15.606 DEBUG 23624 --- [main] n.a.marvelserver.MarvelServiceImpl       : Requesting creators modified since 2007-01-02 06:00:00.0, at offset 200
2019-02-21 16:43:17.242 DEBUG 23624 --- [main] n.a.marvelserver.MarvelServiceImpl       : Requesting creators modified since 2007-01-02 06:00:00.0, at offset 200
2019-02-21 16:43:18.756 DEBUG 23624 --- [main] n.a.marvelserver.MarvelServiceImpl       : Requesting creators modified since 2007-01-02 06:00:00.0, at offset 200
2019-02-21 16:43:20.333 DEBUG 23624 --- [main] n.a.marvelserver.MarvelServiceImpl       : Requesting creators modified since 2007-01-02 06:00:00.0, at offset 300
2019-02-21 16:43:21.712 DEBUG 23624 --- [main] n.a.marvelserver.MarvelServiceImpl       : Requesting creators modified since 2007-01-02 06:00:00.0, at offset 300
2019-02-21 16:47:43.400  INFO 11764 --- [main] n.a.m.MarvelServerApplication            : Starting MarvelServerApplication on LAPTOP-BLB0FEU4 with PID 11764 (D:\github\blueorange\marvel-server\target\classes started by Artem in D:\github\blueorange\marvel-server)
2019-02-21 16:47:43.401 DEBUG 11764 --- [main] n.a.m.MarvelServerApplication            : Running with Spring Boot v2.1.3.RELEASE, Spring v5.1.5.RELEASE
2019-02-21 16:47:43.402  INFO 11764 --- [main] n.a.m.MarvelServerApplication            : No active profile set, falling back to default profiles: default
2019-02-21 16:47:44.124  INFO 11764 --- [main] .s.d.r.c.RepositoryConfigurationDelegate : Bootstrapping Spring Data repositories in DEFAULT mode.
2019-02-21 16:47:44.175  INFO 11764 --- [main] .s.d.r.c.RepositoryConfigurationDelegate : Finished Spring Data repository scanning in 45ms. Found 2 repository interfaces.
2019-02-21 16:47:44.526  INFO 11764 --- [main] trationDelegate$BeanPostProcessorChecker : Bean 'org.springframework.transaction.annotation.ProxyTransactionManagementConfiguration' of type [org.springframework.transaction.annotation.ProxyTransactionManagementConfiguration$$EnhancerBySpringCGLIB$$343c2f4f] is not eligible for getting processed by all BeanPostProcessors (for example: not eligible for auto-proxying)
2019-02-21 16:47:45.130  INFO 11764 --- [main] o.s.b.w.embedded.tomcat.TomcatWebServer  : Tomcat initialized with port(s): 8080 (http)
2019-02-21 16:47:45.153  INFO 11764 --- [main] o.apache.catalina.core.StandardService   : Starting service [Tomcat]
2019-02-21 16:47:45.153  INFO 11764 --- [main] org.apache.catalina.core.StandardEngine  : Starting Servlet engine: [Apache Tomcat/9.0.16]
2019-02-21 16:47:45.162  INFO 11764 --- [main] o.a.catalina.core.AprLifecycleListener   : The APR based Apache Tomcat Native library which allows optimal performance in production environments was not found on the java.library.path: [C:\java\jdk-10.0.2\bin;C:\Windows\Sun\Java\bin;C:\Windows\system32;C:\Windows;C:\Program Files (x86)\Common Files\Oracle\Java\javapath;C:\Program Files (x86)\Intel\Intel(R) Management Engine Components\iCLS\;C:\Program Files\Intel\Intel(R) Management Engine Components\iCLS\;C:\Windows\system32;C:\Windows;C:\Windows\System32\Wbem;C:\Windows\System32\WindowsPowerShell\v1.0\;C:\Windows\System32\OpenSSH\;C:\Program Files (x86)\Intel\Intel(R) Management Engine Components\DAL;C:\Program Files\Intel\Intel(R) Management Engine Components\DAL;C:\Program Files (x86)\Intel\Intel(R) Management Engine Components\IPT;C:\Program Files\Intel\Intel(R) Management Engine Components\IPT;C:\Program Files\Intel\WiFi\bin\;C:\Program Files\Common Files\Intel\WirelessCommon\;C:\Program Files\Git\cmd;c:\java\jdk-10.0.2\bin;C:\Program Files\dotnet\;C:\Program Files\Microsoft SQL Server\130\Tools\Binn\;C:\Program Files\nodejs\;C:\HashiCorp\Vagrant\bin;C:\Program Files\Calibre2\;C:\Program Files\Microsoft SQL Server\Client SDK\ODBC\110\Tools\Binn\;C:\Program Files (x86)\Microsoft SQL Server\120\Tools\Binn\;C:\Program Files\Microsoft SQL Server\120\Tools\Binn\;C:\Program Files\Microsoft SQL Server\120\DTS\Binn\;C:\Program Files (x86)\Microsoft SQL Server\120\Tools\Binn\ManagementStudio\;C:\Program Files (x86)\Microsoft SQL Server\120\DTS\Binn\;C:\ProgramData\chocolatey\bin;C:\Program Files\MongoDB\Server\4.0\bin;C:\Program Files\PuTTY\;C:\Program Files\Amazon\AWSCLI\bin\;C:\Users\Artem\.windows-build-tools\python27\;C:\Program Files\nodejs\node_modules\npm\node_modules\npm-lifecycle\node-gyp-bin;D:\github\kaboom\kaboom-events-service\kaboom.services.events\node_modules\windows-build-tools\node_modules\.bin;D:\github\kaboom\kaboom-events-service\kaboom.services.events\node_modules\.bin;C:\Program Files (x86)\Common Files\Oracle\Java\javapath;C:\Program Files (x86)\Intel\Intel(R) Management Engine Components\iCLS\;C:\Program Files\Intel\Intel(R) Management Engine Components\iCLS\;C:\Windows\system32;C:\Windows;C:\Windows\System32\Wbem;C:\Windows\System32\WindowsPowerShell\v1.0\;C:\Windows\System32\OpenSSH\;C:\Program Files (x86)\Intel\Intel(R) Management Engine Components\DAL;C:\Program Files\Intel\Intel(R) Management Engine Components\DAL;C:\Program Files (x86)\Intel\Intel(R) Management Engine Components\IPT;C:\Program Files\Intel\Intel(R) Management Engine Components\IPT;C:\Program Files\Intel\WiFi\bin\;C:\Program Files\Common Files\Intel\WirelessCommon\;C:\Program Files\Git\cmd;c:\java\jdk-10.0.2\bin;C:\Program Files\dotnet\;C:\Program Files\Microsoft SQL Server\130\Tools\Binn\;C:\Program Files\nodejs\;C:\HashiCorp\Vagrant\bin;C:\Program Files\Calibre2\;C:\Program Files\Microsoft SQL Server\Client SDK\ODBC\110\Tools\Binn\;C:\Program Files (x86)\Microsoft SQL Server\120\Tools\Binn\;C:\Program Files\Microsoft SQL Server\120\Tools\Binn\;C:\Program Files\Microsoft SQL Server\120\DTS\Binn\;C:\Program Files (x86)\Microsoft SQL Server\120\Tools\Binn\ManagementStudio\;C:\Program Files (x86)\Microsoft SQL Server\120\DTS\Binn\;C:\ProgramData\chocolatey\bin;C:\Program Files\MongoDB\Server\4.0\bin;C:\Users\Artem\AppData\Local\Microsoft\WindowsApps;C:\Users\Artem\AppData\Local\Programs\Microsoft VS Code\bin;C:\Users\Artem\AppData\Roaming\npm;C:\Users\Artem\AppData\Local\Programs\Fiddler;C:\Program Files\Docker Toolbox;.]
2019-02-21 16:47:45.241  INFO 11764 --- [main] o.a.c.c.C.[Tomcat].[localhost].[/]       : Initializing Spring embedded WebApplicationContext
2019-02-21 16:47:45.702  INFO 11764 --- [main] com.zaxxer.hikari.HikariDataSource       : HikariPool-1 - Starting...
2019-02-21 16:47:45.862  INFO 11764 --- [main] com.zaxxer.hikari.HikariDataSource       : HikariPool-1 - Start completed.
2019-02-21 16:47:45.920  INFO 11764 --- [main] o.hibernate.jpa.internal.util.LogHelper  : HHH000204: Processing PersistenceUnitInfo [
	name: default
	...]
2019-02-21 16:47:45.986  INFO 11764 --- [main] org.hibernate.Version                    : HHH000412: Hibernate Core {5.3.7.Final}
2019-02-21 16:47:45.987  INFO 11764 --- [main] org.hibernate.cfg.Environment            : HHH000206: hibernate.properties not found
2019-02-21 16:47:46.125  INFO 11764 --- [main] o.hibernate.annotations.common.Version   : HCANN000001: Hibernate Commons Annotations {5.0.4.Final}
2019-02-21 16:47:46.268  INFO 11764 --- [main] org.hibernate.dialect.Dialect            : HHH000400: Using dialect: org.hibernate.dialect.H2Dialect
2019-02-21 16:47:46.899  INFO 11764 --- [main] j.LocalContainerEntityManagerFactoryBean : Initialized JPA EntityManagerFactory for persistence unit 'default'
2019-02-21 16:47:47.397  INFO 11764 --- [main] o.s.s.concurrent.ThreadPoolTaskExecutor  : Initializing ExecutorService 'applicationTaskExecutor'
2019-02-21 16:47:47.442  WARN 11764 --- [main] aWebConfiguration$JpaWebMvcConfiguration : spring.jpa.open-in-view is enabled by default. Therefore, database queries may be performed during view rendering. Explicitly configure spring.jpa.open-in-view to disable this warning
2019-02-21 16:47:47.795  INFO 11764 --- [main] o.s.b.a.e.web.EndpointLinksResolver      : Exposing 16 endpoint(s) beneath base path '/actuator'
2019-02-21 16:47:47.872  INFO 11764 --- [main] o.s.b.w.embedded.tomcat.TomcatWebServer  : Tomcat started on port(s): 8080 (http) with context path ''
2019-02-21 16:47:47.875  INFO 11764 --- [main] n.a.m.MarvelServerApplication            : Started MarvelServerApplication in 4.73 seconds (JVM running for 7.634)
2019-02-21 16:47:47.932 DEBUG 11764 --- [main] net.artemkv.marvelserver.LocalDbUpdater  : Updating creators from Marvel...
2019-02-21 16:47:47.933 DEBUG 11764 --- [main] n.a.marvelserver.MarvelServiceImpl       : Requesting creators modified since 2007-01-02 06:00:00.0, at offset 0
2019-02-21 16:47:47.961  INFO 11764 --- [http-nio-127.0.0.1-8080-exec-1] o.a.c.c.C.[Tomcat].[localhost].[/]       : Initializing Spring DispatcherServlet 'dispatcherServlet'
2019-02-21 16:47:50.459 DEBUG 11764 --- [main] n.a.marvelserver.MarvelServiceImpl       : Requesting creators modified since 2007-01-02 06:00:00.0, at offset 0
2019-02-21 16:47:52.435 DEBUG 11764 --- [main] n.a.marvelserver.MarvelServiceImpl       : Requesting creators modified since 2007-01-02 06:00:00.0, at offset 0
2019-02-21 16:47:54.590 DEBUG 11764 --- [main] net.artemkv.marvelserver.LocalDbUpdater  : Marvel has more creators starting from 100
2019-02-21 16:47:54.590 DEBUG 11764 --- [main] n.a.marvelserver.MarvelServiceImpl       : Requesting creators modified since 2007-01-02 06:00:00.0, at offset 100
2019-02-21 16:47:56.265 DEBUG 11764 --- [main] n.a.marvelserver.MarvelServiceImpl       : Requesting creators modified since 2007-01-02 06:00:00.0, at offset 100
2019-02-21 16:47:58.099 DEBUG 11764 --- [main] n.a.marvelserver.MarvelServiceImpl       : Requesting creators modified since 2007-01-02 06:00:00.0, at offset 100
2019-02-21 16:47:59.932 DEBUG 11764 --- [main] net.artemkv.marvelserver.LocalDbUpdater  : Marvel has more creators starting from 200
2019-02-21 16:47:59.932 DEBUG 11764 --- [main] n.a.marvelserver.MarvelServiceImpl       : Requesting creators modified since 2007-01-02 06:00:00.0, at offset 200
2019-02-21 16:48:01.964 DEBUG 11764 --- [main] n.a.marvelserver.MarvelServiceImpl       : Requesting creators modified since 2007-01-02 06:00:00.0, at offset 200
2019-02-21 16:48:03.782 DEBUG 11764 --- [main] n.a.marvelserver.MarvelServiceImpl       : Requesting creators modified since 2007-01-02 06:00:00.0, at offset 200
2019-02-21 16:48:05.743 DEBUG 11764 --- [main] net.artemkv.marvelserver.LocalDbUpdater  : Marvel has more creators starting from 300
2019-02-21 16:48:05.743 DEBUG 11764 --- [main] n.a.marvelserver.MarvelServiceImpl       : Requesting creators modified since 2007-01-02 06:00:00.0, at offset 300
2019-02-21 16:48:06.867 DEBUG 11764 --- [main] n.a.marvelserver.MarvelServiceImpl       : Requesting creators modified since 2007-01-02 06:00:00.0, at offset 300
2019-02-21 16:48:07.991 DEBUG 11764 --- [main] n.a.marvelserver.MarvelServiceImpl       : Requesting creators modified since 2007-01-02 06:00:00.0, at offset 300
2019-02-21 16:48:09.420 DEBUG 11764 --- [main] net.artemkv.marvelserver.LocalDbUpdater  : Marvel has more creators starting from 400
2019-02-21 16:48:09.420 DEBUG 11764 --- [main] n.a.marvelserver.MarvelServiceImpl       : Requesting creators modified since 2007-01-02 06:00:00.0, at offset 400
2019-02-21 16:48:11.501 DEBUG 11764 --- [main] n.a.marvelserver.MarvelServiceImpl       : Requesting creators modified since 2007-01-02 06:00:00.0, at offset 400
2019-02-21 16:48:12.717 DEBUG 11764 --- [main] n.a.marvelserver.MarvelServiceImpl       : Requesting creators modified since 2007-01-02 06:00:00.0, at offset 400
2019-02-21 16:50:11.500  INFO 21564 --- [main] n.a.m.MarvelServerApplication            : Starting MarvelServerApplication on LAPTOP-BLB0FEU4 with PID 21564 (D:\github\blueorange\marvel-server\target\classes started by Artem in D:\github\blueorange\marvel-server)
2019-02-21 16:50:11.503 DEBUG 21564 --- [main] n.a.m.MarvelServerApplication            : Running with Spring Boot v2.1.3.RELEASE, Spring v5.1.5.RELEASE
2019-02-21 16:50:11.504  INFO 21564 --- [main] n.a.m.MarvelServerApplication            : No active profile set, falling back to default profiles: default
2019-02-21 16:50:12.437  INFO 21564 --- [main] .s.d.r.c.RepositoryConfigurationDelegate : Bootstrapping Spring Data repositories in DEFAULT mode.
2019-02-21 16:50:12.491  INFO 21564 --- [main] .s.d.r.c.RepositoryConfigurationDelegate : Finished Spring Data repository scanning in 46ms. Found 2 repository interfaces.
2019-02-21 16:50:12.945  INFO 21564 --- [main] trationDelegate$BeanPostProcessorChecker : Bean 'org.springframework.transaction.annotation.ProxyTransactionManagementConfiguration' of type [org.springframework.transaction.annotation.ProxyTransactionManagementConfiguration$$EnhancerBySpringCGLIB$$49a6d1df] is not eligible for getting processed by all BeanPostProcessors (for example: not eligible for auto-proxying)
2019-02-21 16:50:13.479  INFO 21564 --- [main] o.s.b.w.embedded.tomcat.TomcatWebServer  : Tomcat initialized with port(s): 8080 (http)
2019-02-21 16:50:13.499  INFO 21564 --- [main] o.apache.catalina.core.StandardService   : Starting service [Tomcat]
2019-02-21 16:50:13.499  INFO 21564 --- [main] org.apache.catalina.core.StandardEngine  : Starting Servlet engine: [Apache Tomcat/9.0.16]
2019-02-21 16:50:13.507  INFO 21564 --- [main] o.a.catalina.core.AprLifecycleListener   : The APR based Apache Tomcat Native library which allows optimal performance in production environments was not found on the java.library.path: [C:\java\jdk-10.0.2\bin;C:\Windows\Sun\Java\bin;C:\Windows\system32;C:\Windows;C:\Program Files (x86)\Common Files\Oracle\Java\javapath;C:\Program Files (x86)\Intel\Intel(R) Management Engine Components\iCLS\;C:\Program Files\Intel\Intel(R) Management Engine Components\iCLS\;C:\Windows\system32;C:\Windows;C:\Windows\System32\Wbem;C:\Windows\System32\WindowsPowerShell\v1.0\;C:\Windows\System32\OpenSSH\;C:\Program Files (x86)\Intel\Intel(R) Management Engine Components\DAL;C:\Program Files\Intel\Intel(R) Management Engine Components\DAL;C:\Program Files (x86)\Intel\Intel(R) Management Engine Components\IPT;C:\Program Files\Intel\Intel(R) Management Engine Components\IPT;C:\Program Files\Intel\WiFi\bin\;C:\Program Files\Common Files\Intel\WirelessCommon\;C:\Program Files\Git\cmd;c:\java\jdk-10.0.2\bin;C:\Program Files\dotnet\;C:\Program Files\Microsoft SQL Server\130\Tools\Binn\;C:\Program Files\nodejs\;C:\HashiCorp\Vagrant\bin;C:\Program Files\Calibre2\;C:\Program Files\Microsoft SQL Server\Client SDK\ODBC\110\Tools\Binn\;C:\Program Files (x86)\Microsoft SQL Server\120\Tools\Binn\;C:\Program Files\Microsoft SQL Server\120\Tools\Binn\;C:\Program Files\Microsoft SQL Server\120\DTS\Binn\;C:\Program Files (x86)\Microsoft SQL Server\120\Tools\Binn\ManagementStudio\;C:\Program Files (x86)\Microsoft SQL Server\120\DTS\Binn\;C:\ProgramData\chocolatey\bin;C:\Program Files\MongoDB\Server\4.0\bin;C:\Program Files\PuTTY\;C:\Program Files\Amazon\AWSCLI\bin\;C:\Users\Artem\.windows-build-tools\python27\;C:\Program Files\nodejs\node_modules\npm\node_modules\npm-lifecycle\node-gyp-bin;D:\github\kaboom\kaboom-events-service\kaboom.services.events\node_modules\windows-build-tools\node_modules\.bin;D:\github\kaboom\kaboom-events-service\kaboom.services.events\node_modules\.bin;C:\Program Files (x86)\Common Files\Oracle\Java\javapath;C:\Program Files (x86)\Intel\Intel(R) Management Engine Components\iCLS\;C:\Program Files\Intel\Intel(R) Management Engine Components\iCLS\;C:\Windows\system32;C:\Windows;C:\Windows\System32\Wbem;C:\Windows\System32\WindowsPowerShell\v1.0\;C:\Windows\System32\OpenSSH\;C:\Program Files (x86)\Intel\Intel(R) Management Engine Components\DAL;C:\Program Files\Intel\Intel(R) Management Engine Components\DAL;C:\Program Files (x86)\Intel\Intel(R) Management Engine Components\IPT;C:\Program Files\Intel\Intel(R) Management Engine Components\IPT;C:\Program Files\Intel\WiFi\bin\;C:\Program Files\Common Files\Intel\WirelessCommon\;C:\Program Files\Git\cmd;c:\java\jdk-10.0.2\bin;C:\Program Files\dotnet\;C:\Program Files\Microsoft SQL Server\130\Tools\Binn\;C:\Program Files\nodejs\;C:\HashiCorp\Vagrant\bin;C:\Program Files\Calibre2\;C:\Program Files\Microsoft SQL Server\Client SDK\ODBC\110\Tools\Binn\;C:\Program Files (x86)\Microsoft SQL Server\120\Tools\Binn\;C:\Program Files\Microsoft SQL Server\120\Tools\Binn\;C:\Program Files\Microsoft SQL Server\120\DTS\Binn\;C:\Program Files (x86)\Microsoft SQL Server\120\Tools\Binn\ManagementStudio\;C:\Program Files (x86)\Microsoft SQL Server\120\DTS\Binn\;C:\ProgramData\chocolatey\bin;C:\Program Files\MongoDB\Server\4.0\bin;C:\Users\Artem\AppData\Local\Microsoft\WindowsApps;C:\Users\Artem\AppData\Local\Programs\Microsoft VS Code\bin;C:\Users\Artem\AppData\Roaming\npm;C:\Users\Artem\AppData\Local\Programs\Fiddler;C:\Program Files\Docker Toolbox;.]
2019-02-21 16:50:13.577  INFO 21564 --- [main] o.a.c.c.C.[Tomcat].[localhost].[/]       : Initializing Spring embedded WebApplicationContext
2019-02-21 16:50:13.980  INFO 21564 --- [main] com.zaxxer.hikari.HikariDataSource       : HikariPool-1 - Starting...
2019-02-21 16:50:14.130  INFO 21564 --- [main] com.zaxxer.hikari.HikariDataSource       : HikariPool-1 - Start completed.
2019-02-21 16:50:14.182  INFO 21564 --- [main] o.hibernate.jpa.internal.util.LogHelper  : HHH000204: Processing PersistenceUnitInfo [
	name: default
	...]
2019-02-21 16:50:14.247  INFO 21564 --- [main] org.hibernate.Version                    : HHH000412: Hibernate Core {5.3.7.Final}
2019-02-21 16:50:14.248  INFO 21564 --- [main] org.hibernate.cfg.Environment            : HHH000206: hibernate.properties not found
2019-02-21 16:50:14.381  INFO 21564 --- [main] o.hibernate.annotations.common.Version   : HCANN000001: Hibernate Commons Annotations {5.0.4.Final}
2019-02-21 16:50:14.523  INFO 21564 --- [main] org.hibernate.dialect.Dialect            : HHH000400: Using dialect: org.hibernate.dialect.H2Dialect
2019-02-21 16:50:15.057  INFO 21564 --- [main] j.LocalContainerEntityManagerFactoryBean : Initialized JPA EntityManagerFactory for persistence unit 'default'
2019-02-21 16:50:15.457  INFO 21564 --- [main] o.s.s.concurrent.ThreadPoolTaskExecutor  : Initializing ExecutorService 'applicationTaskExecutor'
2019-02-21 16:50:15.498  WARN 21564 --- [main] aWebConfiguration$JpaWebMvcConfiguration : spring.jpa.open-in-view is enabled by default. Therefore, database queries may be performed during view rendering. Explicitly configure spring.jpa.open-in-view to disable this warning
2019-02-21 16:50:15.779  INFO 21564 --- [main] o.s.b.a.e.web.EndpointLinksResolver      : Exposing 16 endpoint(s) beneath base path '/actuator'
2019-02-21 16:50:15.839  INFO 21564 --- [main] o.s.b.w.embedded.tomcat.TomcatWebServer  : Tomcat started on port(s): 8080 (http) with context path ''
2019-02-21 16:50:15.843  INFO 21564 --- [main] n.a.m.MarvelServerApplication            : Started MarvelServerApplication in 4.589 seconds (JVM running for 8.36)
2019-02-21 16:50:15.888 DEBUG 21564 --- [main] net.artemkv.marvelserver.LocalDbUpdater  : Updating creators from Marvel...
2019-02-21 16:50:15.888 DEBUG 21564 --- [main] n.a.marvelserver.MarvelServiceImpl       : Requesting creators modified since 2007-01-02 06:00:00.0, at offset 0
2019-02-21 16:50:17.685 DEBUG 21564 --- [main] net.artemkv.marvelserver.LocalDbUpdater  : Marvel has more creators starting from 100
2019-02-21 16:50:17.685 DEBUG 21564 --- [main] n.a.marvelserver.MarvelServiceImpl       : Requesting creators modified since 2007-01-02 06:00:00.0, at offset 100
2019-02-21 16:50:19.122 DEBUG 21564 --- [main] net.artemkv.marvelserver.LocalDbUpdater  : Marvel has more creators starting from 200
2019-02-21 16:50:19.122 DEBUG 21564 --- [main] n.a.marvelserver.MarvelServiceImpl       : Requesting creators modified since 2007-01-02 06:00:00.0, at offset 200
2019-02-21 16:50:20.541 DEBUG 21564 --- [main] net.artemkv.marvelserver.LocalDbUpdater  : Marvel has more creators starting from 300
2019-02-21 16:50:20.541 DEBUG 21564 --- [main] n.a.marvelserver.MarvelServiceImpl       : Requesting creators modified since 2007-01-02 06:00:00.0, at offset 300
2019-02-21 16:50:22.808 DEBUG 21564 --- [main] net.artemkv.marvelserver.LocalDbUpdater  : Marvel has more creators starting from 400
2019-02-21 16:50:22.808 DEBUG 21564 --- [main] n.a.marvelserver.MarvelServiceImpl       : Requesting creators modified since 2007-01-02 06:00:00.0, at offset 400
2019-02-21 16:50:24.322 DEBUG 21564 --- [main] net.artemkv.marvelserver.LocalDbUpdater  : Marvel has more creators starting from 500
2019-02-21 16:50:24.322 DEBUG 21564 --- [main] n.a.marvelserver.MarvelServiceImpl       : Requesting creators modified since 2007-01-02 06:00:00.0, at offset 500
2019-02-21 16:50:26.685 DEBUG 21564 --- [main] net.artemkv.marvelserver.LocalDbUpdater  : Marvel has more creators starting from 600
2019-02-21 16:50:26.685 DEBUG 21564 --- [main] n.a.marvelserver.MarvelServiceImpl       : Requesting creators modified since 2007-01-02 06:00:00.0, at offset 600
2019-02-21 16:50:45.831 DEBUG 21564 --- [main] net.artemkv.marvelserver.LocalDbUpdater  : Marvel has more creators starting from 700
2019-02-21 16:50:45.832 DEBUG 21564 --- [main] n.a.marvelserver.MarvelServiceImpl       : Requesting creators modified since 2007-01-02 06:00:00.0, at offset 700
2019-02-21 16:51:07.149  INFO 21564 --- [http-nio-127.0.0.1-8080-exec-1] o.a.c.c.C.[Tomcat].[localhost].[/]       : Initializing Spring DispatcherServlet 'dispatcherServlet'
2019-02-21 16:51:07.773 DEBUG 21564 --- [main] net.artemkv.marvelserver.LocalDbUpdater  : Marvel has more creators starting from 800
2019-02-21 16:51:07.773 DEBUG 21564 --- [main] n.a.marvelserver.MarvelServiceImpl       : Requesting creators modified since 2007-01-02 06:00:00.0, at offset 800
